<?xml version="1.0" encoding="UTF-8"?>
<!-- Generated by org.testng.reporters.JUnitReportReporter -->
<testsuite hostname="DESKTOP-8IPIPT6" failures="0" tests="1" name="seleniumTesting.TestingWithSelenium3" time="8.333" errors="0" timestamp="2023-03-30T17:04:42 AEDT" skipped="0">
  <testcase classname="seleniumTesting.TestingWithSelenium3" name="addRemove" time="8.333"/>
  <system-out/>
</testsuite> <!-- seleniumTesting.TestingWithSelenium3 -->
