<?xml version="1.0" encoding="UTF-8"?>
<!-- Generated by org.testng.reporters.JUnitReportReporter -->
<testsuite hostname="DESKTOP-8IPIPT6" failures="0" tests="1" name="seleniumTesting.TestingWithSelenium4" time="6.387" errors="0" timestamp="2023-03-30T17:26:00 AEDT" skipped="0">
  <testcase classname="seleniumTesting.TestingWithSelenium4" name="addRemove" time="6.387"/>
  <system-out/>
</testsuite> <!-- seleniumTesting.TestingWithSelenium4 -->
