<?xml version="1.0" encoding="UTF-8"?>
<!-- Generated by org.testng.reporters.JUnitReportReporter -->
<testsuite hostname="DESKTOP-8IPIPT6" failures="0" tests="1" name="seleniumTesting.TestingWithSelenium2" time="9.104" errors="0" timestamp="2023-03-31T13:56:03 AEDT" skipped="0">
  <testcase classname="seleniumTesting.TestingWithSelenium2" name="basicAuth" time="9.104"/>
  <system-out/>
</testsuite> <!-- seleniumTesting.TestingWithSelenium2 -->
