<?xml version="1.0" encoding="UTF-8"?>
<!-- Generated by org.testng.reporters.JUnitReportReporter -->
<testsuite hostname="DESKTOP-8IPIPT6" failures="0" tests="1" name="seleniumTesting.TestingWithSelenium1" time="11.690" errors="0" timestamp="2023-04-04T22:03:43 AEST" skipped="0">
  <testcase classname="seleniumTesting.TestingWithSelenium1" name="addRemove" time="11.690"/>
  <system-out/>
</testsuite> <!-- seleniumTesting.TestingWithSelenium1 -->
