<?xml version="1.0" encoding="UTF-8"?>
<!-- Generated by org.testng.reporters.JUnitReportReporter -->
<testsuite hostname="DESKTOP-8IPIPT6" failures="0" tests="1" name="seleniumTesting.TestingWithSelenium5" time="12.488" errors="0" timestamp="2023-04-04T22:03:43 AEST" skipped="0">
  <testcase classname="seleniumTesting.TestingWithSelenium5" name="slider" time="12.488"/>
  <system-out/>
</testsuite> <!-- seleniumTesting.TestingWithSelenium5 -->
